Arguments: 
  /usr/local/bin/node /usr/local/Cellar/yarn/1.22.10/libexec/bin/yarn.js add jest --dev

PATH: 
  /usr/local/opt/python/libexec/bin:/usr/local/sbin:/Library/Frameworks/Python.framework/Versions/3.6/bin:/usr/local/bin:/usr/bin:/bin:/usr/sbin:/sbin

Yarn version: 
  1.22.10

Node version: 
  14.15.1

Platform: 
  darwin x64

Trace: 
  SyntaxError: /Volumes/Guille/Desarollo/example-fe-be/backend/package.json: Unexpected end of JSON input
      at JSON.parse (<anonymous>)
      at /usr/local/Cellar/yarn/1.22.10/libexec/lib/cli.js:1625:59
      at Generator.next (<anonymous>)
      at step (/usr/local/Cellar/yarn/1.22.10/libexec/lib/cli.js:310:30)
      at /usr/local/Cellar/yarn/1.22.10/libexec/lib/cli.js:321:13

npm manifest: 
  {
    "name": "@example-fe-be/console",
    "version": "0.1.0",
    "private": true,
    "dependencies": {},
    "scripts": {
      "start-console-example": "node ./src/index.js",
      "test-console-example": "node ./src/index.js"
  }

yarn manifest: 
  No manifest

Lockfile: 
  No lockfile
